Mini VR Game/Library/Bee/Android/Prj/IL2CPP/Gradle/unityLibrary/build/intermediates/manifest_merge_blame_file/release/manifest-merger-blame-release-report.txt
1<?xml version="1.0" encoding="utf-8"?>
2<manifest xmlns:android="http://schemas.android.com/apk/res/android"
3    xmlns:tools="http://schemas.android.com/tools"
4    package="com.unity3d.player"
5    android:installLocation="auto" >
6
7    <uses-sdk
8        android:minSdkVersion="31"
8-->src/main/AndroidManifest.xml
9        android:targetSdkVersion="34" />
9-->src/main/AndroidManifest.xml
10
11    <supports-gl-texture android:name="GL_KHR_texture_compression_astc_ldr" />
11-->src/main/AndroidManifest.xml:3:3-77
11-->src/main/AndroidManifest.xml:3:24-74
12
13    <uses-permission android:name="android.permission.INTERNET" />
13-->src/main/AndroidManifest.xml:4:3-65
13-->src/main/AndroidManifest.xml:4:20-62
14
15    <uses-feature android:glEsVersion="0x00030000" />
15-->src/main/AndroidManifest.xml:5:3-52
15-->src/main/AndroidManifest.xml:5:17-49
16    <uses-feature
16-->src/main/AndroidManifest.xml:6:3-91
17        android:name="android.hardware.vulkan.version"
17-->src/main/AndroidManifest.xml:6:17-63
18        android:required="false" />
18-->src/main/AndroidManifest.xml:6:64-88
19    <uses-feature
19-->src/main/AndroidManifest.xml:7:3-88
20        android:name="android.hardware.touchscreen"
20-->src/main/AndroidManifest.xml:7:17-60
21        android:required="false" />
21-->src/main/AndroidManifest.xml:7:61-85
22    <uses-feature
22-->src/main/AndroidManifest.xml:8:3-99
23        android:name="android.hardware.touchscreen.multitouch"
23-->src/main/AndroidManifest.xml:8:17-71
24        android:required="false" />
24-->src/main/AndroidManifest.xml:8:72-96
25    <uses-feature
25-->src/main/AndroidManifest.xml:9:3-108
26        android:name="android.hardware.touchscreen.multitouch.distinct"
26-->src/main/AndroidManifest.xml:9:17-80
27        android:required="false" />
27-->src/main/AndroidManifest.xml:9:81-105
28    <uses-feature
28-->src/main/AndroidManifest.xml:34:3-111
29        android:name="android.hardware.vr.headtracking"
29-->src/main/AndroidManifest.xml:34:17-64
30        android:required="true"
30-->src/main/AndroidManifest.xml:34:65-88
31        android:version="1" />
31-->src/main/AndroidManifest.xml:34:89-108
32
33    <application
33-->src/main/AndroidManifest.xml:10:3-33:17
34        android:allowBackup="false"
34-->src/main/AndroidManifest.xml:10:114-141
35        android:extractNativeLibs="true"
35-->src/main/AndroidManifest.xml:10:16-48
36        android:icon="@mipmap/app_icon"
36-->src/main/AndroidManifest.xml:10:82-113
37        android:label="@string/app_name"
37-->src/main/AndroidManifest.xml:10:49-81
38        android:networkSecurityConfig="@xml/network_sec_config" >
38-->src/main/AndroidManifest.xml:10:142-197
39        <meta-data
39-->src/main/AndroidManifest.xml:11:5-69
40            android:name="unity.splash-mode"
40-->src/main/AndroidManifest.xml:11:16-48
41            android:value="0" />
41-->src/main/AndroidManifest.xml:11:49-66
42        <meta-data
42-->src/main/AndroidManifest.xml:12:5-74
43            android:name="unity.splash-enable"
43-->src/main/AndroidManifest.xml:12:16-50
44            android:value="True" />
44-->src/main/AndroidManifest.xml:12:51-71
45        <meta-data
45-->src/main/AndroidManifest.xml:13:5-78
46            android:name="unity.launch-fullscreen"
46-->src/main/AndroidManifest.xml:13:16-54
47            android:value="True" />
47-->src/main/AndroidManifest.xml:13:55-75
48        <meta-data
48-->src/main/AndroidManifest.xml:14:5-84
49            android:name="unity.render-outside-safearea"
49-->src/main/AndroidManifest.xml:14:16-60
50            android:value="True" />
50-->src/main/AndroidManifest.xml:14:61-81
51        <meta-data
51-->src/main/AndroidManifest.xml:15:5-81
52            android:name="notch.config"
52-->src/main/AndroidManifest.xml:15:16-43
53            android:value="portrait|landscape" />
53-->src/main/AndroidManifest.xml:15:44-78
54        <meta-data
54-->src/main/AndroidManifest.xml:16:5-84
55            android:name="unity.auto-report-fully-drawn"
55-->src/main/AndroidManifest.xml:16:16-60
56            android:value="true" />
56-->src/main/AndroidManifest.xml:16:61-81
57
58        <activity
58-->src/main/AndroidManifest.xml:17:5-26:16
59            android:name="com.unity3d.player.UnityPlayerActivity"
59-->src/main/AndroidManifest.xml:17:15-68
60            android:configChanges="keyboard|keyboardHidden|navigation|orientation|screenLayout|screenSize|uiMode|density"
60-->src/main/AndroidManifest.xml:17:204-313
61            android:exported="true"
61-->src/main/AndroidManifest.xml:17:385-408
62            android:hardwareAccelerated="false"
62-->src/main/AndroidManifest.xml:17:349-384
63            android:launchMode="singleTask"
63-->src/main/AndroidManifest.xml:17:172-203
64            android:resizeableActivity="false"
64-->src/main/AndroidManifest.xml:17:314-348
65            android:screenOrientation="landscape"
65-->src/main/AndroidManifest.xml:17:134-171
66            android:theme="@android:style/Theme.Black.NoTitleBar.Fullscreen" >
66-->src/main/AndroidManifest.xml:17:69-133
67            <intent-filter>
67-->src/main/AndroidManifest.xml:18:7-22:23
68                <category android:name="android.intent.category.LAUNCHER" />
68-->src/main/AndroidManifest.xml:19:9-69
68-->src/main/AndroidManifest.xml:19:19-66
69
70                <action android:name="android.intent.action.MAIN" />
70-->src/main/AndroidManifest.xml:20:9-61
70-->src/main/AndroidManifest.xml:20:17-58
71
72                <category android:name="com.oculus.intent.category.VR" />
72-->src/main/AndroidManifest.xml:21:9-66
72-->src/main/AndroidManifest.xml:21:19-63
73            </intent-filter>
74
75            <meta-data
75-->src/main/AndroidManifest.xml:23:7-82
76                android:name="unityplayer.UnityActivity"
76-->src/main/AndroidManifest.xml:23:18-58
77                android:value="true" />
77-->src/main/AndroidManifest.xml:23:59-79
78            <meta-data
78-->src/main/AndroidManifest.xml:24:7-70
79                android:name="notch_support"
79-->src/main/AndroidManifest.xml:24:18-46
80                android:value="true" />
80-->src/main/AndroidManifest.xml:24:47-67
81            <meta-data
81-->src/main/AndroidManifest.xml:25:7-81
82                android:name="com.oculus.vr.focusaware"
82-->src/main/AndroidManifest.xml:25:18-57
83                android:value="true" />
83-->src/main/AndroidManifest.xml:25:58-78
84        </activity>
85
86        <meta-data
86-->src/main/AndroidManifest.xml:27:5-97
87            android:name="com.samsung.android.vr.application.mode"
87-->src/main/AndroidManifest.xml:27:16-70
88            android:value="vr_only" />
88-->src/main/AndroidManifest.xml:27:71-94
89        <meta-data
89-->src/main/AndroidManifest.xml:28:5-91
90            android:name="com.unity.xr.oculus.LowOverheadMode"
90-->src/main/AndroidManifest.xml:28:16-66
91            android:value="false" />
91-->src/main/AndroidManifest.xml:28:67-88
92        <meta-data
92-->src/main/AndroidManifest.xml:29:5-88
93            android:name="com.unity.xr.oculus.LateLatching"
93-->src/main/AndroidManifest.xml:29:16-63
94            android:value="false" />
94-->src/main/AndroidManifest.xml:29:64-85
95        <meta-data
95-->src/main/AndroidManifest.xml:30:5-93
96            android:name="com.unity.xr.oculus.LateLatchingDebug"
96-->src/main/AndroidManifest.xml:30:16-68
97            android:value="false" />
97-->src/main/AndroidManifest.xml:30:69-90
98        <meta-data
98-->src/main/AndroidManifest.xml:31:5-93
99            android:name="com.oculus.supportedDevices"
99-->src/main/AndroidManifest.xml:31:16-58
100            android:value="quest2|questpro" />
100-->src/main/AndroidManifest.xml:31:59-90
101        <meta-data
101-->src/main/AndroidManifest.xml:32:5-86
102            android:name="com.oculus.ossplash.background"
102-->src/main/AndroidManifest.xml:32:16-61
103            android:value="black" />
103-->src/main/AndroidManifest.xml:32:62-83
104    </application>
105
106</manifest>